[
  {
    "line": 2,
    "elements": [
      {
        "line": 4,
        "name": "Validate Login Functionality with Credential",
        "description": "",
        "type": "background",
        "keyword": "Background",
        "steps": [
          {
            "result": {
              "duration": 5770178500,
              "error_message": "org.openqa.selenium.SessionNotCreatedException: session not created: This version of ChromeDriver only supports Chrome version 87\nCurrent browser version is 89.0.4389.90 with binary path C:\\Program Files\\Google\\Chrome\\Application\\chrome.exe\n  (Driver info: chromedriver\u003d87.0.4280.88 (89e2380a3e36c3464b5dd1302349b1382549290d-refs/branch-heads/4280@{#1761}),platform\u003dWindows NT 10.0.19042 x86_64) (WARNING: The server did not provide any stacktrace information)\nCommand duration or timeout: 2.64 seconds\nBuild info: version: \u00272.47.1\u0027, revision: \u0027unknown\u0027, time: \u00272015-07-30 11:02:44\u0027\nSystem info: host: \u0027IVL-LP80\u0027, ip: \u0027192.168.29.98\u0027, os.name: \u0027Windows 10\u0027, os.arch: \u0027amd64\u0027, os.version: \u002710.0\u0027, java.version: \u002715.0.1\u0027\nDriver info: org.openqa.selenium.chrome.ChromeDriver\r\n\tat java.base/jdk.internal.reflect.NativeConstructorAccessorImpl.newInstance0(Native Method)\r\n\tat java.base/jdk.internal.reflect.NativeConstructorAccessorImpl.newInstance(NativeConstructorAccessorImpl.java:64)\r\n\tat java.base/jdk.internal.reflect.DelegatingConstructorAccessorImpl.newInstance(DelegatingConstructorAccessorImpl.java:45)\r\n\tat java.base/java.lang.reflect.Constructor.newInstanceWithCaller(Constructor.java:500)\r\n\tat java.base/java.lang.reflect.Constructor.newInstance(Constructor.java:481)\r\n\tat org.openqa.selenium.remote.ErrorHandler.createThrowable(ErrorHandler.java:206)\r\n\tat org.openqa.selenium.remote.ErrorHandler.throwIfResponseFailed(ErrorHandler.java:158)\r\n\tat org.openqa.selenium.remote.RemoteWebDriver.execute(RemoteWebDriver.java:595)\r\n\tat org.openqa.selenium.remote.RemoteWebDriver.startSession(RemoteWebDriver.java:242)\r\n\tat org.openqa.selenium.remote.RemoteWebDriver.\u003cinit\u003e(RemoteWebDriver.java:128)\r\n\tat org.openqa.selenium.remote.RemoteWebDriver.\u003cinit\u003e(RemoteWebDriver.java:141)\r\n\tat org.openqa.selenium.chrome.ChromeDriver.\u003cinit\u003e(ChromeDriver.java:170)\r\n\tat org.openqa.selenium.chrome.ChromeDriver.\u003cinit\u003e(ChromeDriver.java:159)\r\n\tat org.openqa.selenium.chrome.ChromeDriver.\u003cinit\u003e(ChromeDriver.java:116)\r\n\tat com.StepDefinations.LoginSteps.user_Should_Be_On_Home_Page(LoginSteps.java:22)\r\n\tat ✽.Given User Should Be On Home Page(Login.feature:5)\r\n",
              "status": "failed"
            },
            "line": 5,
            "name": "User Should Be On Home Page",
            "match": {
              "location": "LoginSteps.user_Should_Be_On_Home_Page()"
            },
            "keyword": "Given "
          }
        ]
      },
      {
        "line": 14,
        "name": "To validate Login With Correct Credential",
        "description": "",
        "id": "validate-login-functionality;to-validate-login-with-correct-credential;;2",
        "type": "scenario",
        "keyword": "Scenario Outline",
        "steps": [
          {
            "result": {
              "status": "skipped"
            },
            "line": 8,
            "name": "User Enter With Correct Credential \"qwerty@asd.com\" and \"Qwerty@124!??12e\"",
            "match": {
              "arguments": [
                {
                  "val": "qwerty@asd.com",
                  "offset": 36
                },
                {
                  "val": "Qwerty@124!??12e",
                  "offset": 57
                }
              ],
              "location": "LoginSteps.user_Enter_With_Correct_Credential_and(String,String)"
            },
            "matchedColumns": [
              0,
              1
            ],
            "keyword": "When "
          },
          {
            "result": {
              "status": "skipped"
            },
            "line": 9,
            "name": "User Click On Login Button",
            "match": {
              "location": "LoginSteps.user_Click_On_Login_Button()"
            },
            "keyword": "And "
          },
          {
            "result": {
              "status": "skipped"
            },
            "line": 10,
            "name": "User Should Navigate to next Page",
            "match": {
              "location": "LoginSteps.user_Should_Navigate_to_next_Page()"
            },
            "keyword": "Then "
          }
        ],
        "tags": [
          {
            "line": 1,
            "name": "@Test"
          }
        ]
      },
      {
        "line": 4,
        "name": "Validate Login Functionality with Credential",
        "description": "",
        "type": "background",
        "keyword": "Background",
        "steps": [
          {
            "result": {
              "duration": 4053458500,
              "error_message": "org.openqa.selenium.SessionNotCreatedException: session not created: This version of ChromeDriver only supports Chrome version 87\nCurrent browser version is 89.0.4389.90 with binary path C:\\Program Files\\Google\\Chrome\\Application\\chrome.exe\n  (Driver info: chromedriver\u003d87.0.4280.88 (89e2380a3e36c3464b5dd1302349b1382549290d-refs/branch-heads/4280@{#1761}),platform\u003dWindows NT 10.0.19042 x86_64) (WARNING: The server did not provide any stacktrace information)\nCommand duration or timeout: 2.57 seconds\nBuild info: version: \u00272.47.1\u0027, revision: \u0027unknown\u0027, time: \u00272015-07-30 11:02:44\u0027\nSystem info: host: \u0027IVL-LP80\u0027, ip: \u0027192.168.29.98\u0027, os.name: \u0027Windows 10\u0027, os.arch: \u0027amd64\u0027, os.version: \u002710.0\u0027, java.version: \u002715.0.1\u0027\nDriver info: org.openqa.selenium.chrome.ChromeDriver\r\n\tat java.base/jdk.internal.reflect.NativeConstructorAccessorImpl.newInstance0(Native Method)\r\n\tat java.base/jdk.internal.reflect.NativeConstructorAccessorImpl.newInstance(NativeConstructorAccessorImpl.java:64)\r\n\tat java.base/jdk.internal.reflect.DelegatingConstructorAccessorImpl.newInstance(DelegatingConstructorAccessorImpl.java:45)\r\n\tat java.base/java.lang.reflect.Constructor.newInstanceWithCaller(Constructor.java:500)\r\n\tat java.base/java.lang.reflect.Constructor.newInstance(Constructor.java:481)\r\n\tat org.openqa.selenium.remote.ErrorHandler.createThrowable(ErrorHandler.java:206)\r\n\tat org.openqa.selenium.remote.ErrorHandler.throwIfResponseFailed(ErrorHandler.java:158)\r\n\tat org.openqa.selenium.remote.RemoteWebDriver.execute(RemoteWebDriver.java:595)\r\n\tat org.openqa.selenium.remote.RemoteWebDriver.startSession(RemoteWebDriver.java:242)\r\n\tat org.openqa.selenium.remote.RemoteWebDriver.\u003cinit\u003e(RemoteWebDriver.java:128)\r\n\tat org.openqa.selenium.remote.RemoteWebDriver.\u003cinit\u003e(RemoteWebDriver.java:141)\r\n\tat org.openqa.selenium.chrome.ChromeDriver.\u003cinit\u003e(ChromeDriver.java:170)\r\n\tat org.openqa.selenium.chrome.ChromeDriver.\u003cinit\u003e(ChromeDriver.java:159)\r\n\tat org.openqa.selenium.chrome.ChromeDriver.\u003cinit\u003e(ChromeDriver.java:116)\r\n\tat com.StepDefinations.LoginSteps.user_Should_Be_On_Home_Page(LoginSteps.java:22)\r\n\tat ✽.Given User Should Be On Home Page(Login.feature:5)\r\n",
              "status": "failed"
            },
            "line": 5,
            "name": "User Should Be On Home Page",
            "match": {
              "location": "LoginSteps.user_Should_Be_On_Home_Page()"
            },
            "keyword": "Given "
          }
        ]
      },
      {
        "line": 15,
        "name": "To validate Login With Correct Credential",
        "description": "",
        "id": "validate-login-functionality;to-validate-login-with-correct-credential;;3",
        "type": "scenario",
        "keyword": "Scenario Outline",
        "steps": [
          {
            "result": {
              "status": "skipped"
            },
            "line": 8,
            "name": "User Enter With Correct Credential \"prasaddixit3@asd.com\" and \"Qwerty@124!??12e\"",
            "match": {
              "arguments": [
                {
                  "val": "prasaddixit3@asd.com",
                  "offset": 36
                },
                {
                  "val": "Qwerty@124!??12e",
                  "offset": 63
                }
              ],
              "location": "LoginSteps.user_Enter_With_Correct_Credential_and(String,String)"
            },
            "matchedColumns": [
              0,
              1
            ],
            "keyword": "When "
          },
          {
            "result": {
              "status": "skipped"
            },
            "line": 9,
            "name": "User Click On Login Button",
            "match": {
              "location": "LoginSteps.user_Click_On_Login_Button()"
            },
            "keyword": "And "
          },
          {
            "result": {
              "status": "skipped"
            },
            "line": 10,
            "name": "User Should Navigate to next Page",
            "match": {
              "location": "LoginSteps.user_Should_Navigate_to_next_Page()"
            },
            "keyword": "Then "
          }
        ],
        "tags": [
          {
            "line": 1,
            "name": "@Test"
          }
        ]
      },
      {
        "line": 4,
        "name": "Validate Login Functionality with Credential",
        "description": "",
        "type": "background",
        "keyword": "Background",
        "steps": [
          {
            "result": {
              "duration": 4151637800,
              "error_message": "org.openqa.selenium.SessionNotCreatedException: session not created: This version of ChromeDriver only supports Chrome version 87\nCurrent browser version is 89.0.4389.90 with binary path C:\\Program Files\\Google\\Chrome\\Application\\chrome.exe\n  (Driver info: chromedriver\u003d87.0.4280.88 (89e2380a3e36c3464b5dd1302349b1382549290d-refs/branch-heads/4280@{#1761}),platform\u003dWindows NT 10.0.19042 x86_64) (WARNING: The server did not provide any stacktrace information)\nCommand duration or timeout: 2.67 seconds\nBuild info: version: \u00272.47.1\u0027, revision: \u0027unknown\u0027, time: \u00272015-07-30 11:02:44\u0027\nSystem info: host: \u0027IVL-LP80\u0027, ip: \u0027192.168.29.98\u0027, os.name: \u0027Windows 10\u0027, os.arch: \u0027amd64\u0027, os.version: \u002710.0\u0027, java.version: \u002715.0.1\u0027\nDriver info: org.openqa.selenium.chrome.ChromeDriver\r\n\tat java.base/jdk.internal.reflect.NativeConstructorAccessorImpl.newInstance0(Native Method)\r\n\tat java.base/jdk.internal.reflect.NativeConstructorAccessorImpl.newInstance(NativeConstructorAccessorImpl.java:64)\r\n\tat java.base/jdk.internal.reflect.DelegatingConstructorAccessorImpl.newInstance(DelegatingConstructorAccessorImpl.java:45)\r\n\tat java.base/java.lang.reflect.Constructor.newInstanceWithCaller(Constructor.java:500)\r\n\tat java.base/java.lang.reflect.Constructor.newInstance(Constructor.java:481)\r\n\tat org.openqa.selenium.remote.ErrorHandler.createThrowable(ErrorHandler.java:206)\r\n\tat org.openqa.selenium.remote.ErrorHandler.throwIfResponseFailed(ErrorHandler.java:158)\r\n\tat org.openqa.selenium.remote.RemoteWebDriver.execute(RemoteWebDriver.java:595)\r\n\tat org.openqa.selenium.remote.RemoteWebDriver.startSession(RemoteWebDriver.java:242)\r\n\tat org.openqa.selenium.remote.RemoteWebDriver.\u003cinit\u003e(RemoteWebDriver.java:128)\r\n\tat org.openqa.selenium.remote.RemoteWebDriver.\u003cinit\u003e(RemoteWebDriver.java:141)\r\n\tat org.openqa.selenium.chrome.ChromeDriver.\u003cinit\u003e(ChromeDriver.java:170)\r\n\tat org.openqa.selenium.chrome.ChromeDriver.\u003cinit\u003e(ChromeDriver.java:159)\r\n\tat org.openqa.selenium.chrome.ChromeDriver.\u003cinit\u003e(ChromeDriver.java:116)\r\n\tat com.StepDefinations.LoginSteps.user_Should_Be_On_Home_Page(LoginSteps.java:22)\r\n\tat ✽.Given User Should Be On Home Page(Login.feature:5)\r\n",
              "status": "failed"
            },
            "line": 5,
            "name": "User Should Be On Home Page",
            "match": {
              "location": "LoginSteps.user_Should_Be_On_Home_Page()"
            },
            "keyword": "Given "
          }
        ]
      },
      {
        "line": 23,
        "name": "To validate Login With Incorrect Credential",
        "description": "",
        "id": "validate-login-functionality;to-validate-login-with-incorrect-credential;;2",
        "type": "scenario",
        "keyword": "Scenario Outline",
        "steps": [
          {
            "result": {
              "status": "skipped"
            },
            "line": 18,
            "name": "User Login With invalid  \"qwert1y@asd.com\" and \"Qwerty@124!??12e\"",
            "match": {
              "arguments": [
                {
                  "val": "qwert1y@asd.com",
                  "offset": 26
                },
                {
                  "val": "Qwerty@124!??12e",
                  "offset": 48
                }
              ],
              "location": "LoginSteps.user_Login_With_invalid_and(String,String)"
            },
            "matchedColumns": [
              0,
              1
            ],
            "keyword": "When "
          },
          {
            "result": {
              "status": "skipped"
            },
            "line": 19,
            "name": "User Should Get Login Error",
            "match": {
              "location": "LoginSteps.user_Should_Get_Login_Error()"
            },
            "keyword": "Then "
          }
        ],
        "tags": [
          {
            "line": 1,
            "name": "@Test"
          }
        ]
      },
      {
        "line": 4,
        "name": "Validate Login Functionality with Credential",
        "description": "",
        "type": "background",
        "keyword": "Background",
        "steps": [
          {
            "result": {
              "duration": 3743411100,
              "error_message": "org.openqa.selenium.SessionNotCreatedException: session not created: This version of ChromeDriver only supports Chrome version 87\nCurrent browser version is 89.0.4389.90 with binary path C:\\Program Files\\Google\\Chrome\\Application\\chrome.exe\n  (Driver info: chromedriver\u003d87.0.4280.88 (89e2380a3e36c3464b5dd1302349b1382549290d-refs/branch-heads/4280@{#1761}),platform\u003dWindows NT 10.0.19042 x86_64) (WARNING: The server did not provide any stacktrace information)\nCommand duration or timeout: 2.39 seconds\nBuild info: version: \u00272.47.1\u0027, revision: \u0027unknown\u0027, time: \u00272015-07-30 11:02:44\u0027\nSystem info: host: \u0027IVL-LP80\u0027, ip: \u0027192.168.29.98\u0027, os.name: \u0027Windows 10\u0027, os.arch: \u0027amd64\u0027, os.version: \u002710.0\u0027, java.version: \u002715.0.1\u0027\nDriver info: org.openqa.selenium.chrome.ChromeDriver\r\n\tat java.base/jdk.internal.reflect.NativeConstructorAccessorImpl.newInstance0(Native Method)\r\n\tat java.base/jdk.internal.reflect.NativeConstructorAccessorImpl.newInstance(NativeConstructorAccessorImpl.java:64)\r\n\tat java.base/jdk.internal.reflect.DelegatingConstructorAccessorImpl.newInstance(DelegatingConstructorAccessorImpl.java:45)\r\n\tat java.base/java.lang.reflect.Constructor.newInstanceWithCaller(Constructor.java:500)\r\n\tat java.base/java.lang.reflect.Constructor.newInstance(Constructor.java:481)\r\n\tat org.openqa.selenium.remote.ErrorHandler.createThrowable(ErrorHandler.java:206)\r\n\tat org.openqa.selenium.remote.ErrorHandler.throwIfResponseFailed(ErrorHandler.java:158)\r\n\tat org.openqa.selenium.remote.RemoteWebDriver.execute(RemoteWebDriver.java:595)\r\n\tat org.openqa.selenium.remote.RemoteWebDriver.startSession(RemoteWebDriver.java:242)\r\n\tat org.openqa.selenium.remote.RemoteWebDriver.\u003cinit\u003e(RemoteWebDriver.java:128)\r\n\tat org.openqa.selenium.remote.RemoteWebDriver.\u003cinit\u003e(RemoteWebDriver.java:141)\r\n\tat org.openqa.selenium.chrome.ChromeDriver.\u003cinit\u003e(ChromeDriver.java:170)\r\n\tat org.openqa.selenium.chrome.ChromeDriver.\u003cinit\u003e(ChromeDriver.java:159)\r\n\tat org.openqa.selenium.chrome.ChromeDriver.\u003cinit\u003e(ChromeDriver.java:116)\r\n\tat com.StepDefinations.LoginSteps.user_Should_Be_On_Home_Page(LoginSteps.java:22)\r\n\tat ✽.Given User Should Be On Home Page(Login.feature:5)\r\n",
              "status": "failed"
            },
            "line": 5,
            "name": "User Should Be On Home Page",
            "match": {
              "location": "LoginSteps.user_Should_Be_On_Home_Page()"
            },
            "keyword": "Given "
          }
        ]
      },
      {
        "line": 24,
        "name": "To validate Login With Incorrect Credential",
        "description": "",
        "id": "validate-login-functionality;to-validate-login-with-incorrect-credential;;3",
        "type": "scenario",
        "keyword": "Scenario Outline",
        "steps": [
          {
            "result": {
              "status": "skipped"
            },
            "line": 18,
            "name": "User Login With invalid  \"qwerty@asd.com\" and \"Qwerty@124!??12eff\"",
            "match": {
              "arguments": [
                {
                  "val": "qwerty@asd.com",
                  "offset": 26
                },
                {
                  "val": "Qwerty@124!??12eff",
                  "offset": 47
                }
              ],
              "location": "LoginSteps.user_Login_With_invalid_and(String,String)"
            },
            "matchedColumns": [
              0,
              1
            ],
            "keyword": "When "
          },
          {
            "result": {
              "status": "skipped"
            },
            "line": 19,
            "name": "User Should Get Login Error",
            "match": {
              "location": "LoginSteps.user_Should_Get_Login_Error()"
            },
            "keyword": "Then "
          }
        ],
        "tags": [
          {
            "line": 1,
            "name": "@Test"
          }
        ]
      },
      {
        "line": 4,
        "name": "Validate Login Functionality with Credential",
        "description": "",
        "type": "background",
        "keyword": "Background",
        "steps": [
          {
            "result": {
              "duration": 3603073100,
              "error_message": "org.openqa.selenium.SessionNotCreatedException: session not created: This version of ChromeDriver only supports Chrome version 87\nCurrent browser version is 89.0.4389.90 with binary path C:\\Program Files\\Google\\Chrome\\Application\\chrome.exe\n  (Driver info: chromedriver\u003d87.0.4280.88 (89e2380a3e36c3464b5dd1302349b1382549290d-refs/branch-heads/4280@{#1761}),platform\u003dWindows NT 10.0.19042 x86_64) (WARNING: The server did not provide any stacktrace information)\nCommand duration or timeout: 2.06 seconds\nBuild info: version: \u00272.47.1\u0027, revision: \u0027unknown\u0027, time: \u00272015-07-30 11:02:44\u0027\nSystem info: host: \u0027IVL-LP80\u0027, ip: \u0027192.168.29.98\u0027, os.name: \u0027Windows 10\u0027, os.arch: \u0027amd64\u0027, os.version: \u002710.0\u0027, java.version: \u002715.0.1\u0027\nDriver info: org.openqa.selenium.chrome.ChromeDriver\r\n\tat java.base/jdk.internal.reflect.NativeConstructorAccessorImpl.newInstance0(Native Method)\r\n\tat java.base/jdk.internal.reflect.NativeConstructorAccessorImpl.newInstance(NativeConstructorAccessorImpl.java:64)\r\n\tat java.base/jdk.internal.reflect.DelegatingConstructorAccessorImpl.newInstance(DelegatingConstructorAccessorImpl.java:45)\r\n\tat java.base/java.lang.reflect.Constructor.newInstanceWithCaller(Constructor.java:500)\r\n\tat java.base/java.lang.reflect.Constructor.newInstance(Constructor.java:481)\r\n\tat org.openqa.selenium.remote.ErrorHandler.createThrowable(ErrorHandler.java:206)\r\n\tat org.openqa.selenium.remote.ErrorHandler.throwIfResponseFailed(ErrorHandler.java:158)\r\n\tat org.openqa.selenium.remote.RemoteWebDriver.execute(RemoteWebDriver.java:595)\r\n\tat org.openqa.selenium.remote.RemoteWebDriver.startSession(RemoteWebDriver.java:242)\r\n\tat org.openqa.selenium.remote.RemoteWebDriver.\u003cinit\u003e(RemoteWebDriver.java:128)\r\n\tat org.openqa.selenium.remote.RemoteWebDriver.\u003cinit\u003e(RemoteWebDriver.java:141)\r\n\tat org.openqa.selenium.chrome.ChromeDriver.\u003cinit\u003e(ChromeDriver.java:170)\r\n\tat org.openqa.selenium.chrome.ChromeDriver.\u003cinit\u003e(ChromeDriver.java:159)\r\n\tat org.openqa.selenium.chrome.ChromeDriver.\u003cinit\u003e(ChromeDriver.java:116)\r\n\tat com.StepDefinations.LoginSteps.user_Should_Be_On_Home_Page(LoginSteps.java:22)\r\n\tat ✽.Given User Should Be On Home Page(Login.feature:5)\r\n",
              "status": "failed"
            },
            "line": 5,
            "name": "User Should Be On Home Page",
            "match": {
              "location": "LoginSteps.user_Should_Be_On_Home_Page()"
            },
            "keyword": "Given "
          }
        ]
      },
      {
        "line": 25,
        "name": "To validate Login With Incorrect Credential",
        "description": "",
        "id": "validate-login-functionality;to-validate-login-with-incorrect-credential;;4",
        "type": "scenario",
        "keyword": "Scenario Outline",
        "steps": [
          {
            "result": {
              "status": "skipped"
            },
            "line": 18,
            "name": "User Login With invalid  \"\" and \"Qwerty@124!??12e\"",
            "match": {
              "arguments": [
                {
                  "val": "",
                  "offset": 26
                },
                {
                  "val": "Qwerty@124!??12e",
                  "offset": 33
                }
              ],
              "location": "LoginSteps.user_Login_With_invalid_and(String,String)"
            },
            "matchedColumns": [
              0,
              1
            ],
            "keyword": "When "
          },
          {
            "result": {
              "status": "skipped"
            },
            "line": 19,
            "name": "User Should Get Login Error",
            "match": {
              "location": "LoginSteps.user_Should_Get_Login_Error()"
            },
            "keyword": "Then "
          }
        ],
        "tags": [
          {
            "line": 1,
            "name": "@Test"
          }
        ]
      },
      {
        "line": 4,
        "name": "Validate Login Functionality with Credential",
        "description": "",
        "type": "background",
        "keyword": "Background",
        "steps": [
          {
            "result": {
              "duration": 3943338200,
              "error_message": "org.openqa.selenium.SessionNotCreatedException: session not created: This version of ChromeDriver only supports Chrome version 87\nCurrent browser version is 89.0.4389.90 with binary path C:\\Program Files\\Google\\Chrome\\Application\\chrome.exe\n  (Driver info: chromedriver\u003d87.0.4280.88 (89e2380a3e36c3464b5dd1302349b1382549290d-refs/branch-heads/4280@{#1761}),platform\u003dWindows NT 10.0.19042 x86_64) (WARNING: The server did not provide any stacktrace information)\nCommand duration or timeout: 2.59 seconds\nBuild info: version: \u00272.47.1\u0027, revision: \u0027unknown\u0027, time: \u00272015-07-30 11:02:44\u0027\nSystem info: host: \u0027IVL-LP80\u0027, ip: \u0027192.168.29.98\u0027, os.name: \u0027Windows 10\u0027, os.arch: \u0027amd64\u0027, os.version: \u002710.0\u0027, java.version: \u002715.0.1\u0027\nDriver info: org.openqa.selenium.chrome.ChromeDriver\r\n\tat java.base/jdk.internal.reflect.NativeConstructorAccessorImpl.newInstance0(Native Method)\r\n\tat java.base/jdk.internal.reflect.NativeConstructorAccessorImpl.newInstance(NativeConstructorAccessorImpl.java:64)\r\n\tat java.base/jdk.internal.reflect.DelegatingConstructorAccessorImpl.newInstance(DelegatingConstructorAccessorImpl.java:45)\r\n\tat java.base/java.lang.reflect.Constructor.newInstanceWithCaller(Constructor.java:500)\r\n\tat java.base/java.lang.reflect.Constructor.newInstance(Constructor.java:481)\r\n\tat org.openqa.selenium.remote.ErrorHandler.createThrowable(ErrorHandler.java:206)\r\n\tat org.openqa.selenium.remote.ErrorHandler.throwIfResponseFailed(ErrorHandler.java:158)\r\n\tat org.openqa.selenium.remote.RemoteWebDriver.execute(RemoteWebDriver.java:595)\r\n\tat org.openqa.selenium.remote.RemoteWebDriver.startSession(RemoteWebDriver.java:242)\r\n\tat org.openqa.selenium.remote.RemoteWebDriver.\u003cinit\u003e(RemoteWebDriver.java:128)\r\n\tat org.openqa.selenium.remote.RemoteWebDriver.\u003cinit\u003e(RemoteWebDriver.java:141)\r\n\tat org.openqa.selenium.chrome.ChromeDriver.\u003cinit\u003e(ChromeDriver.java:170)\r\n\tat org.openqa.selenium.chrome.ChromeDriver.\u003cinit\u003e(ChromeDriver.java:159)\r\n\tat org.openqa.selenium.chrome.ChromeDriver.\u003cinit\u003e(ChromeDriver.java:116)\r\n\tat com.StepDefinations.LoginSteps.user_Should_Be_On_Home_Page(LoginSteps.java:22)\r\n\tat ✽.Given User Should Be On Home Page(Login.feature:5)\r\n",
              "status": "failed"
            },
            "line": 5,
            "name": "User Should Be On Home Page",
            "match": {
              "location": "LoginSteps.user_Should_Be_On_Home_Page()"
            },
            "keyword": "Given "
          }
        ]
      },
      {
        "line": 26,
        "name": "To validate Login With Incorrect Credential",
        "description": "",
        "id": "validate-login-functionality;to-validate-login-with-incorrect-credential;;5",
        "type": "scenario",
        "keyword": "Scenario Outline",
        "steps": [
          {
            "result": {
              "status": "skipped"
            },
            "line": 18,
            "name": "User Login With invalid  \"\" and \"\"",
            "match": {
              "arguments": [
                {
                  "val": "",
                  "offset": 26
                },
                {
                  "val": "",
                  "offset": 33
                }
              ],
              "location": "LoginSteps.user_Login_With_invalid_and(String,String)"
            },
            "matchedColumns": [
              0,
              1
            ],
            "keyword": "When "
          },
          {
            "result": {
              "status": "skipped"
            },
            "line": 19,
            "name": "User Should Get Login Error",
            "match": {
              "location": "LoginSteps.user_Should_Get_Login_Error()"
            },
            "keyword": "Then "
          }
        ],
        "tags": [
          {
            "line": 1,
            "name": "@Test"
          }
        ]
      },
      {
        "line": 4,
        "name": "Validate Login Functionality with Credential",
        "description": "",
        "type": "background",
        "keyword": "Background",
        "steps": [
          {
            "result": {
              "duration": 3448881300,
              "error_message": "org.openqa.selenium.SessionNotCreatedException: session not created: This version of ChromeDriver only supports Chrome version 87\nCurrent browser version is 89.0.4389.90 with binary path C:\\Program Files\\Google\\Chrome\\Application\\chrome.exe\n  (Driver info: chromedriver\u003d87.0.4280.88 (89e2380a3e36c3464b5dd1302349b1382549290d-refs/branch-heads/4280@{#1761}),platform\u003dWindows NT 10.0.19042 x86_64) (WARNING: The server did not provide any stacktrace information)\nCommand duration or timeout: 2.04 seconds\nBuild info: version: \u00272.47.1\u0027, revision: \u0027unknown\u0027, time: \u00272015-07-30 11:02:44\u0027\nSystem info: host: \u0027IVL-LP80\u0027, ip: \u0027192.168.29.98\u0027, os.name: \u0027Windows 10\u0027, os.arch: \u0027amd64\u0027, os.version: \u002710.0\u0027, java.version: \u002715.0.1\u0027\nDriver info: org.openqa.selenium.chrome.ChromeDriver\r\n\tat java.base/jdk.internal.reflect.NativeConstructorAccessorImpl.newInstance0(Native Method)\r\n\tat java.base/jdk.internal.reflect.NativeConstructorAccessorImpl.newInstance(NativeConstructorAccessorImpl.java:64)\r\n\tat java.base/jdk.internal.reflect.DelegatingConstructorAccessorImpl.newInstance(DelegatingConstructorAccessorImpl.java:45)\r\n\tat java.base/java.lang.reflect.Constructor.newInstanceWithCaller(Constructor.java:500)\r\n\tat java.base/java.lang.reflect.Constructor.newInstance(Constructor.java:481)\r\n\tat org.openqa.selenium.remote.ErrorHandler.createThrowable(ErrorHandler.java:206)\r\n\tat org.openqa.selenium.remote.ErrorHandler.throwIfResponseFailed(ErrorHandler.java:158)\r\n\tat org.openqa.selenium.remote.RemoteWebDriver.execute(RemoteWebDriver.java:595)\r\n\tat org.openqa.selenium.remote.RemoteWebDriver.startSession(RemoteWebDriver.java:242)\r\n\tat org.openqa.selenium.remote.RemoteWebDriver.\u003cinit\u003e(RemoteWebDriver.java:128)\r\n\tat org.openqa.selenium.remote.RemoteWebDriver.\u003cinit\u003e(RemoteWebDriver.java:141)\r\n\tat org.openqa.selenium.chrome.ChromeDriver.\u003cinit\u003e(ChromeDriver.java:170)\r\n\tat org.openqa.selenium.chrome.ChromeDriver.\u003cinit\u003e(ChromeDriver.java:159)\r\n\tat org.openqa.selenium.chrome.ChromeDriver.\u003cinit\u003e(ChromeDriver.java:116)\r\n\tat com.StepDefinations.LoginSteps.user_Should_Be_On_Home_Page(LoginSteps.java:22)\r\n\tat ✽.Given User Should Be On Home Page(Login.feature:5)\r\n",
              "status": "failed"
            },
            "line": 5,
            "name": "User Should Be On Home Page",
            "match": {
              "location": "LoginSteps.user_Should_Be_On_Home_Page()"
            },
            "keyword": "Given "
          }
        ]
      },
      {
        "line": 28,
        "name": "Validate Login Functionality By Pressing Enter",
        "description": "",
        "id": "validate-login-functionality;validate-login-functionality-by-pressing-enter",
        "type": "scenario",
        "keyword": "Scenario",
        "steps": [
          {
            "result": {
              "status": "skipped"
            },
            "line": 29,
            "name": "User Enters Id",
            "match": {
              "location": "LoginSteps.user_Enters_Id()"
            },
            "keyword": "When "
          },
          {
            "result": {
              "status": "skipped"
            },
            "line": 30,
            "name": "User Enters Password",
            "match": {
              "location": "LoginSteps.user_Enters_Password()"
            },
            "keyword": "And "
          },
          {
            "result": {
              "status": "skipped"
            },
            "line": 31,
            "name": "User Press Enter",
            "match": {
              "location": "LoginSteps.user_Press_Enter()"
            },
            "keyword": "And "
          },
          {
            "result": {
              "status": "skipped"
            },
            "line": 32,
            "name": "User Should Navigate to next Page",
            "match": {
              "location": "LoginSteps.user_Should_Navigate_to_next_Page()"
            },
            "keyword": "Then "
          }
        ]
      }
    ],
    "name": "Validate Login Functionality",
    "description": "",
    "id": "validate-login-functionality",
    "keyword": "Feature",
    "uri": "Login.feature",
    "tags": [
      {
        "line": 1,
        "name": "@Test"
      }
    ]
  },
  {
    "line": 2,
    "elements": [
      {
        "line": 4,
        "name": "Login To Application",
        "description": "",
        "id": "validate-shop-feature;login-to-application",
        "type": "scenario",
        "keyword": "Scenario",
        "steps": [
          {
            "result": {
              "duration": 3896611800,
              "error_message": "org.openqa.selenium.SessionNotCreatedException: session not created: This version of ChromeDriver only supports Chrome version 87\nCurrent browser version is 89.0.4389.90 with binary path C:\\Program Files\\Google\\Chrome\\Application\\chrome.exe\n  (Driver info: chromedriver\u003d87.0.4280.88 (89e2380a3e36c3464b5dd1302349b1382549290d-refs/branch-heads/4280@{#1761}),platform\u003dWindows NT 10.0.19042 x86_64) (WARNING: The server did not provide any stacktrace information)\nCommand duration or timeout: 2.48 seconds\nBuild info: version: \u00272.47.1\u0027, revision: \u0027unknown\u0027, time: \u00272015-07-30 11:02:44\u0027\nSystem info: host: \u0027IVL-LP80\u0027, ip: \u0027192.168.29.98\u0027, os.name: \u0027Windows 10\u0027, os.arch: \u0027amd64\u0027, os.version: \u002710.0\u0027, java.version: \u002715.0.1\u0027\nDriver info: org.openqa.selenium.chrome.ChromeDriver\r\n\tat java.base/jdk.internal.reflect.NativeConstructorAccessorImpl.newInstance0(Native Method)\r\n\tat java.base/jdk.internal.reflect.NativeConstructorAccessorImpl.newInstance(NativeConstructorAccessorImpl.java:64)\r\n\tat java.base/jdk.internal.reflect.DelegatingConstructorAccessorImpl.newInstance(DelegatingConstructorAccessorImpl.java:45)\r\n\tat java.base/java.lang.reflect.Constructor.newInstanceWithCaller(Constructor.java:500)\r\n\tat java.base/java.lang.reflect.Constructor.newInstance(Constructor.java:481)\r\n\tat org.openqa.selenium.remote.ErrorHandler.createThrowable(ErrorHandler.java:206)\r\n\tat org.openqa.selenium.remote.ErrorHandler.throwIfResponseFailed(ErrorHandler.java:158)\r\n\tat org.openqa.selenium.remote.RemoteWebDriver.execute(RemoteWebDriver.java:595)\r\n\tat org.openqa.selenium.remote.RemoteWebDriver.startSession(RemoteWebDriver.java:242)\r\n\tat org.openqa.selenium.remote.RemoteWebDriver.\u003cinit\u003e(RemoteWebDriver.java:128)\r\n\tat org.openqa.selenium.remote.RemoteWebDriver.\u003cinit\u003e(RemoteWebDriver.java:141)\r\n\tat org.openqa.selenium.chrome.ChromeDriver.\u003cinit\u003e(ChromeDriver.java:170)\r\n\tat org.openqa.selenium.chrome.ChromeDriver.\u003cinit\u003e(ChromeDriver.java:159)\r\n\tat org.openqa.selenium.chrome.ChromeDriver.\u003cinit\u003e(ChromeDriver.java:116)\r\n\tat com.StepDefinations.ShoppingSteps.user_open_Application(ShoppingSteps.java:19)\r\n\tat ✽.Given User open Application(Shop.feature:5)\r\n",
              "status": "failed"
            },
            "line": 5,
            "name": "User open Application",
            "match": {
              "location": "ShoppingSteps.user_open_Application()"
            },
            "keyword": "Given "
          },
          {
            "result": {
              "status": "skipped"
            },
            "line": 6,
            "name": "User Login Application",
            "match": {
              "location": "ShoppingSteps.user_Login_Application()"
            },
            "keyword": "When "
          },
          {
            "result": {
              "status": "skipped"
            },
            "line": 7,
            "name": "Click On  Shop",
            "match": {
              "location": "ShoppingSteps.click_On_Shop()"
            },
            "keyword": "And "
          },
          {
            "result": {
              "status": "skipped"
            },
            "line": 8,
            "name": "User Should be on shopping page",
            "match": {
              "location": "ShoppingSteps.user_Should_be_on_shopping_page()"
            },
            "keyword": "Then "
          }
        ]
      },
      {
        "line": 21,
        "name": "Valid Shoping functionality",
        "description": "",
        "id": "validate-shop-feature;valid-shoping-functionality;;2",
        "type": "scenario",
        "keyword": "Scenario Outline",
        "steps": [
          {
            "result": {
              "duration": 7193100,
              "error_message": "java.lang.NullPointerException: Cannot invoke \"org.openqa.selenium.WebDriver.findElement(org.openqa.selenium.By)\" because \"com.StepDefinations.ShoppingSteps.driver\" is null\r\n\tat com.StepDefinations.ShoppingSteps.user_Select_Book_and_click_on_Add_to_Basket(ShoppingSteps.java:46)\r\n\tat ✽.When User Select Book and click on Add to Basket(Shop.feature:11)\r\n",
              "status": "failed"
            },
            "line": 11,
            "name": "User Select Book and click on Add to Basket",
            "match": {
              "location": "ShoppingSteps.user_Select_Book_and_click_on_Add_to_Basket()"
            },
            "keyword": "When "
          },
          {
            "result": {
              "status": "skipped"
            },
            "line": 12,
            "name": "click On View Basket",
            "match": {
              "location": "ShoppingSteps.click_On_View_Basket()"
            },
            "keyword": "And "
          },
          {
            "result": {
              "status": "skipped"
            },
            "line": 13,
            "name": "User Shoulb be Cart Page",
            "match": {
              "location": "ShoppingSteps.user_Shoulb_be_Cart_Page()"
            },
            "keyword": "Then "
          },
          {
            "result": {
              "status": "skipped"
            },
            "line": 14,
            "name": "User click On Proceed",
            "match": {
              "location": "ShoppingSteps.user_click_On_Proceed()"
            },
            "keyword": "And "
          },
          {
            "result": {
              "status": "skipped"
            },
            "line": 15,
            "name": "User Should be On Payment Page",
            "match": {
              "location": "ShoppingSteps.user_Should_be_On_Payment_Page()"
            },
            "keyword": "Then "
          },
          {
            "result": {
              "status": "skipped"
            },
            "line": 16,
            "name": "User Enter Details \"abcdef\" and \"rock\" and \"0132456789\" and\"abc\" and \"Nagpur\" and\"440022\"",
            "match": {
              "arguments": [
                {
                  "val": "abcdef",
                  "offset": 20
                },
                {
                  "val": "rock",
                  "offset": 33
                },
                {
                  "val": "0132456789",
                  "offset": 44
                },
                {
                  "val": "abc",
                  "offset": 60
                },
                {
                  "val": "Nagpur",
                  "offset": 70
                },
                {
                  "val": "440022",
                  "offset": 82
                }
              ],
              "location": "ShoppingSteps.user_Enter_Details_and_and_and_and_and(String,String,String,String,String,String)"
            },
            "matchedColumns": [
              0,
              1,
              2,
              3,
              4,
              5
            ],
            "keyword": "And "
          },
          {
            "result": {
              "status": "skipped"
            },
            "line": 17,
            "name": "User select Payment and click on Pay",
            "match": {
              "location": "ShoppingSteps.user_select_Payment_and_click_on_Pay()"
            },
            "keyword": "Then "
          }
        ],
        "tags": [
          {
            "line": 1,
            "name": "@Test"
          }
        ]
      }
    ],
    "name": "Validate Shop Feature",
    "description": "",
    "id": "validate-shop-feature",
    "keyword": "Feature",
    "uri": "Shop.feature",
    "tags": [
      {
        "line": 1,
        "name": "@Test"
      }
    ]
  }
]